<?xml version="1.0" encoding="UTF-8"?>
<testsuite name="com.hillel.tasks.SumOfNumbersTest" tests="1" skipped="0" failures="0" errors="0" timestamp="2017-01-09T18:00:58" hostname="ITSCHOOL9PC" time="0.019">
  <properties/>
  <testcase name="testSum" classname="com.hillel.tasks.SumOfNumbersTest" time="0.019"/>
  <system-out><![CDATA[]]></system-out>
  <system-err><![CDATA[]]></system-err>
</testsuite>
